===========================================================
===========================================================
Gradle Project Runner - 2025-10-26 21:53:47
Gradle Project Runner - 2025-10-26 21:53:47
Project: /home/migowj/git/GDSEMR_ver_0.2
Project: /home/migowj/git/GDSEMR_ver_0.2
===========================================================
===========================================================
[0;32m[INFO][0m Starting Gradle build and run...
[0;32m[INFO][0m Starting Gradle build and run...
[0;32m[INFO][0m Check full log at: /home/migowj/git/GDSEMR_ver_0.2/run.log
[0;32m[INFO][0m Check full log at: /home/migowj/git/GDSEMR_ver_0.2/run.log
[0;32m[INFO][0m Executing: ./gradlew run
[0;32m[INFO][0m Executing: ./gradlew run
Starting a Gradle Daemon, 1 incompatible Daemon could not be reused, use --status for details
> Task :build-logic:extractPluginRequests UP-TO-DATE
> Task :build-logic:generatePluginAdapters UP-TO-DATE
> Task :build-logic:compileJava UP-TO-DATE
> Task :build-logic:compileGroovy NO-SOURCE
> Task :build-logic:compileGroovyPlugins UP-TO-DATE
> Task :build-logic:pluginDescriptors UP-TO-DATE
> Task :build-logic:processResources UP-TO-DATE
> Task :build-logic:classes UP-TO-DATE
> Task :build-logic:jar UP-TO-DATE
> Task :utilities:processResources NO-SOURCE
> Task :app:processResources UP-TO-DATE
> Task :list:compileJava UP-TO-DATE
> Task :list:processResources NO-SOURCE
> Task :list:classes UP-TO-DATE
> Task :list:jar UP-TO-DATE
> Task :utilities:compileJava UP-TO-DATE
> Task :utilities:classes UP-TO-DATE
> Task :utilities:jar UP-TO-DATE
> Task :app:compileJava UP-TO-DATE
> Task :app:classes UP-TO-DATE

> Task :app:run
[DB PATH] abbreviations -> /home/migowj/git/GDSEMR_ver_0.2/app/db/abbreviations.db
[DB PATH] prolist -> /home/migowj/git/GDSEMR_ver_0.2/app/db/prolist.db
Database connection closed.

BUILD SUCCESSFUL in 11s
14 actionable tasks: 1 executed, 13 up-to-date
[0;32m[INFO][0m Gradle task 'run' completed successfully!
[0;32m[INFO][0m Gradle task 'run' completed successfully!
===========================================================
===========================================================
Gradle Project Runner - 2025-10-26 22:06:21
Gradle Project Runner - 2025-10-26 22:06:21
Project: /home/migowj/git/GDSEMR_ver_0.2
Project: /home/migowj/git/GDSEMR_ver_0.2
===========================================================
===========================================================
[0;32m[INFO][0m Starting Gradle build and run...
[0;32m[INFO][0m Starting Gradle build and run...
[0;32m[INFO][0m Check full log at: /home/migowj/git/GDSEMR_ver_0.2/run.log
[0;32m[INFO][0m Check full log at: /home/migowj/git/GDSEMR_ver_0.2/run.log
[0;32m[INFO][0m Executing: ./gradlew run
[0;32m[INFO][0m Executing: ./gradlew run
> Task :build-logic:extractPluginRequests UP-TO-DATE
> Task :build-logic:generatePluginAdapters UP-TO-DATE
> Task :build-logic:compileJava UP-TO-DATE
> Task :build-logic:compileGroovy NO-SOURCE
> Task :build-logic:compileGroovyPlugins UP-TO-DATE
> Task :build-logic:pluginDescriptors UP-TO-DATE
> Task :build-logic:processResources UP-TO-DATE
> Task :build-logic:classes UP-TO-DATE
> Task :build-logic:jar UP-TO-DATE
> Task :utilities:processResources NO-SOURCE
> Task :app:processResources UP-TO-DATE
> Task :list:compileJava UP-TO-DATE
> Task :list:processResources NO-SOURCE
> Task :list:classes UP-TO-DATE
> Task :list:jar UP-TO-DATE
> Task :utilities:compileJava UP-TO-DATE
> Task :utilities:classes UP-TO-DATE
> Task :utilities:jar UP-TO-DATE
> Task :app:compileJava
> Task :app:classes

> Task :app:run
[DB PATH] abbreviations -> /home/migowj/git/GDSEMR_ver_0.2/app/db/abbreviations.db
[DB PATH] prolist -> /home/migowj/git/GDSEMR_ver_0.2/app/db/prolist.db

(java:40954): Gdk-WARNING **: 22:06:33.208: XSetErrorHandler() called with a GDK error trap pushed. Don't do that.
Database connection closed.

BUILD SUCCESSFUL in 22s
14 actionable tasks: 2 executed, 12 up-to-date
[0;32m[INFO][0m Gradle task 'run' completed successfully!
[0;32m[INFO][0m Gradle task 'run' completed successfully!
===========================================================
===========================================================
Gradle Project Runner - 2025-10-26 22:06:57
Gradle Project Runner - 2025-10-26 22:06:57
Project: /home/migowj/git/GDSEMR_ver_0.2
Project: /home/migowj/git/GDSEMR_ver_0.2
===========================================================
===========================================================
[0;32m[INFO][0m Starting Gradle build and run...
[0;32m[INFO][0m Starting Gradle build and run...
[0;32m[INFO][0m Check full log at: /home/migowj/git/GDSEMR_ver_0.2/run.log
[0;32m[INFO][0m Check full log at: /home/migowj/git/GDSEMR_ver_0.2/run.log
[0;32m[INFO][0m Executing: ./gradlew run
[0;32m[INFO][0m Executing: ./gradlew run
> Task :build-logic:extractPluginRequests UP-TO-DATE
> Task :build-logic:generatePluginAdapters UP-TO-DATE
> Task :build-logic:compileJava UP-TO-DATE
> Task :build-logic:compileGroovy NO-SOURCE
> Task :build-logic:compileGroovyPlugins UP-TO-DATE
> Task :build-logic:pluginDescriptors UP-TO-DATE
> Task :build-logic:processResources UP-TO-DATE
> Task :build-logic:classes UP-TO-DATE
> Task :build-logic:jar UP-TO-DATE
> Task :utilities:processResources NO-SOURCE
> Task :app:processResources UP-TO-DATE
> Task :list:compileJava UP-TO-DATE
> Task :list:processResources NO-SOURCE
> Task :list:classes UP-TO-DATE
> Task :list:jar UP-TO-DATE
> Task :utilities:compileJava UP-TO-DATE
> Task :utilities:classes UP-TO-DATE
> Task :utilities:jar UP-TO-DATE
> Task :app:compileJava UP-TO-DATE
> Task :app:classes UP-TO-DATE

> Task :app:run
[DB PATH] abbreviations -> /home/migowj/git/GDSEMR_ver_0.2/app/db/abbreviations.db
[DB PATH] prolist -> /home/migowj/git/GDSEMR_ver_0.2/app/db/prolist.db

(java:42666): Gdk-WARNING **: 22:07:05.539: XSetErrorHandler() called with a GDK error trap pushed. Don't do that.
Database connection closed.

BUILD SUCCESSFUL in 8s
14 actionable tasks: 1 executed, 13 up-to-date
[0;32m[INFO][0m Gradle task 'run' completed successfully!
[0;32m[INFO][0m Gradle task 'run' completed successfully!
===========================================================
===========================================================
Gradle Project Runner - 2025-10-26 22:09:56
Gradle Project Runner - 2025-10-26 22:09:56
Project: /home/migowj/git/GDSEMR_ver_0.2
Project: /home/migowj/git/GDSEMR_ver_0.2
===========================================================
===========================================================
[0;32m[INFO][0m Starting Gradle build and run...
[0;32m[INFO][0m Starting Gradle build and run...
[0;32m[INFO][0m Check full log at: /home/migowj/git/GDSEMR_ver_0.2/run.log
[0;32m[INFO][0m Check full log at: /home/migowj/git/GDSEMR_ver_0.2/run.log
[0;32m[INFO][0m Executing: ./gradlew run
[0;32m[INFO][0m Executing: ./gradlew run
> Task :build-logic:extractPluginRequests UP-TO-DATE
> Task :build-logic:generatePluginAdapters UP-TO-DATE
> Task :build-logic:compileJava UP-TO-DATE
> Task :build-logic:compileGroovy NO-SOURCE
> Task :build-logic:compileGroovyPlugins UP-TO-DATE
> Task :build-logic:pluginDescriptors UP-TO-DATE
> Task :build-logic:processResources UP-TO-DATE
> Task :build-logic:classes UP-TO-DATE
> Task :build-logic:jar UP-TO-DATE
> Task :utilities:processResources NO-SOURCE
> Task :app:processResources UP-TO-DATE
> Task :list:compileJava UP-TO-DATE
> Task :list:processResources NO-SOURCE
> Task :list:classes UP-TO-DATE
> Task :utilities:compileJava UP-TO-DATE
> Task :list:jar UP-TO-DATE
> Task :utilities:classes UP-TO-DATE
> Task :utilities:jar UP-TO-DATE
> Task :app:compileJava UP-TO-DATE
> Task :app:classes UP-TO-DATE

> Task :app:run
[DB PATH] abbreviations -> /home/migowj/git/GDSEMR_ver_0.2/app/db/abbreviations.db
[DB PATH] prolist -> /home/migowj/git/GDSEMR_ver_0.2/app/db/prolist.db

(java:45577): Gdk-WARNING **: 22:10:01.727: XSetErrorHandler() called with a GDK error trap pushed. Don't do that.
Database connection closed.

BUILD SUCCESSFUL in 14s
14 actionable tasks: 1 executed, 13 up-to-date
[0;32m[INFO][0m Gradle task 'run' completed successfully!
[0;32m[INFO][0m Gradle task 'run' completed successfully!
===========================================================
===========================================================
Gradle Project Runner - 2025-10-26 22:12:41
Gradle Project Runner - 2025-10-26 22:12:41
Project: /home/migowj/git/GDSEMR_ver_0.2
Project: /home/migowj/git/GDSEMR_ver_0.2
===========================================================
===========================================================
[0;32m[INFO][0m Starting Gradle build and run...
[0;32m[INFO][0m Starting Gradle build and run...
[0;32m[INFO][0m Check full log at: /home/migowj/git/GDSEMR_ver_0.2/run.log
[0;32m[INFO][0m Check full log at: /home/migowj/git/GDSEMR_ver_0.2/run.log
[0;32m[INFO][0m Executing: ./gradlew run
[0;32m[INFO][0m Executing: ./gradlew run
> Task :build-logic:extractPluginRequests UP-TO-DATE
> Task :build-logic:generatePluginAdapters UP-TO-DATE
> Task :build-logic:compileJava UP-TO-DATE
> Task :build-logic:compileGroovy NO-SOURCE
> Task :build-logic:compileGroovyPlugins UP-TO-DATE
> Task :build-logic:pluginDescriptors UP-TO-DATE
> Task :build-logic:processResources UP-TO-DATE
> Task :build-logic:classes UP-TO-DATE
> Task :build-logic:jar UP-TO-DATE
> Task :utilities:processResources NO-SOURCE
> Task :app:processResources UP-TO-DATE
> Task :list:compileJava UP-TO-DATE
> Task :list:processResources NO-SOURCE
> Task :list:classes UP-TO-DATE
> Task :list:jar UP-TO-DATE
> Task :utilities:compileJava UP-TO-DATE
> Task :utilities:classes UP-TO-DATE
> Task :utilities:jar UP-TO-DATE
> Task :app:compileJava
> Task :app:classes

> Task :app:run
[DB PATH] abbreviations -> /home/migowj/git/GDSEMR_ver_0.2/app/db/abbreviations.db
[DB PATH] prolist -> /home/migowj/git/GDSEMR_ver_0.2/app/db/prolist.db

(java:49600): Gdk-WARNING **: 22:12:47.195: XSetErrorHandler() called with a GDK error trap pushed. Don't do that.
Database connection closed.

BUILD SUCCESSFUL in 1m 36s
14 actionable tasks: 2 executed, 12 up-to-date
[0;32m[INFO][0m Gradle task 'run' completed successfully!
[0;32m[INFO][0m Gradle task 'run' completed successfully!
